<?xml version="1.0" encoding="UTF-8"?>
<Site BuildName="Win32-ninja"
	BuildStamp="20250217-1918-Experimental"
	Name="HAAKE"
	Generator="ctest-3.28.1"
	CompilerName="C:/Program Files/LLVM/bin/clang++.exe"
	CompilerVersion="18.1.4"
	OSName="Windows"
	Hostname="HAAKE"
	OSRelease=" Professional"
	OSVersion=" (Build 26100)"
	OSPlatform="AMD64"
	Is64Bits="1"
	VendorString="GenuineIntel"
	VendorID="Intel Corporation"
	FamilyID="6"
	ModelID="14"
	ProcessorCacheSize="-1"
	NumberOfLogicalCPU="12"
	NumberOfPhysicalCPU="6"
	TotalVirtualMemory="38073"
	TotalPhysicalMemory="32697"
	LogicalProcessorsPerPhysical="2"
	ProcessorClockFrequency="3696"
	>
	<Testing>
		<StartDateTime>Feb 17 14:18 Eastern Standard Time</StartDateTime>
		<StartTestTime>1739819889</StartTestTime>
		<TestList/>
		<EndDateTime>Feb 17 14:18 Eastern Standard Time</EndDateTime>
		<EndTestTime>1739819889</EndTestTime>
		<ElapsedMinutes>0</ElapsedMinutes>
	</Testing>
</Site>
